<?xml version="1.0" encoding="UTF-8"?>
<testsuite name="in.generics.MaximumTest" tests="9" skipped="0" failures="0" errors="0" timestamp="2021-06-06T17:29:36" hostname="DESKTOP-0M348LP" time="0.129">
  <properties/>
  <testcase name="GivenString_MaxNumber_ThirdPosition_ReturnsTrue_IfSameAsExpected()" classname="in.generics.MaximumTest" time="0.061"/>
  <testcase name="GivenFloat_MaxNumber_SecondPosition_ReturnsTrue_IfSameAsExpected()" classname="in.generics.MaximumTest" time="0.012"/>
  <testcase name="GivenFloat_MaxNumber_ThirdPosition_ReturnsTrue_IfSameAsExpected()" classname="in.generics.MaximumTest" time="0.01"/>
  <testcase name="GivenString_MaxNumber_FirstPosition_ReturnsTrue_IfSameAsExpected()" classname="in.generics.MaximumTest" time="0.007"/>
  <testcase name="GivenFloat_MaxNumber_FirstPosition_ReturnsTrue_IfSameAsExpected()" classname="in.generics.MaximumTest" time="0.001"/>
  <testcase name="GivenString_MaxNumber_SecondPosition_ReturnsTrue_IfSameAsExpected()" classname="in.generics.MaximumTest" time="0.001"/>
  <testcase name="GivenInt_MaxNumber_ThirdPosition_ReturnsTrue_IfSameAsExpected()" classname="in.generics.MaximumTest" time="0.001"/>
  <testcase name="GivenInt_MaxNumber_FirstPosition_ReturnsTrue_IfSameAsExpected()" classname="in.generics.MaximumTest" time="0.001"/>
  <testcase name="GivenInt_MaxNumber_SecondPosition_ReturnsTrue_IfSameAsExpected()" classname="in.generics.MaximumTest" time="0.012"/>
  <system-out><![CDATA[Maximum: Peach
Maximum: 20.3
Maximum: 10.33
Maximum: Peach
Maximum: 20.3
Maximum: Peach
Maximum: 31
Maximum: 10
Maximum: 9
]]></system-out>
  <system-err><![CDATA[]]></system-err>
</testsuite>
